@!@!@STARTMSG 2262:0 @!@!@
TLC2 Version 2.16 of 31 December 2020 (rev: cdddf55)
@!@!@ENDMSG 2262 @!@!@
@!@!@STARTMSG 2187:0 @!@!@
Running breadth-first search Model-Checking with fp 93 and seed 5021962276770435833 with 12 workers on 12 cores with 1166MB heap and 2619MB offheap memory [pid: 18986] (Linux 5.11.0-36-generic amd64, AdoptOpenJDK 14.0.1 x86_64, OffHeapDiskFPSet, DiskStateQueue).
@!@!@ENDMSG 2187 @!@!@
@!@!@STARTMSG 2220:0 @!@!@
Starting SANY...
@!@!@ENDMSG 2220 @!@!@
Parsing file /home/wrz/tla-practice/Euclid.toolbox/EuclidModel/MC.tla
Parsing file /home/wrz/tla-practice/Euclid.toolbox/EuclidModel/Euclid.tla
Labels added.
!! WARNING: The TLA+ translation in module Euclid has changed since its last translation.
Parsing file /home/wrz/tla-toolbox/plugins/org.lamport.tlatools_1.0.0.202012311918/tla2sany/StandardModules/TLC.tla
Parsing file /home/wrz/tla-toolbox/plugins/org.lamport.tlatools_1.0.0.202012311918/tla2sany/StandardModules/Integers.tla
Parsing file /home/wrz/tla-practice/Euclid.toolbox/EuclidModel/GCD.tla
Parsing file /home/wrz/tla-toolbox/plugins/org.lamport.tlatools_1.0.0.202012311918/tla2sany/StandardModules/Naturals.tla
Parsing file /home/wrz/tla-toolbox/plugins/org.lamport.tlatools_1.0.0.202012311918/tla2sany/StandardModules/Sequences.tla
Parsing file /home/wrz/tla-toolbox/plugins/org.lamport.tlatools_1.0.0.202012311918/tla2sany/StandardModules/FiniteSets.tla
Semantic processing of module Naturals
Semantic processing of module Integers
Semantic processing of module Sequences
Semantic processing of module FiniteSets
Semantic processing of module TLC
Semantic processing of module GCD
Semantic processing of module Euclid
Semantic processing of module MC
@!@!@STARTMSG 2219:0 @!@!@
SANY finished.
@!@!@ENDMSG 2219 @!@!@
@!@!@STARTMSG 2185:0 @!@!@
Starting... (2021-09-24 20:08:39)
@!@!@ENDMSG 2185 @!@!@
@!@!@STARTMSG 2212:0 @!@!@
Implied-temporal checking--satisfiability problem has 1 branches.
@!@!@ENDMSG 2212 @!@!@
@!@!@STARTMSG 2189:0 @!@!@
Computing initial states...
@!@!@ENDMSG 2189 @!@!@
@!@!@STARTMSG 2269:0 @!@!@
Computed 2 initial states...
@!@!@ENDMSG 2269 @!@!@
@!@!@STARTMSG 2269:0 @!@!@
Computed 4 initial states...
@!@!@ENDMSG 2269 @!@!@
@!@!@STARTMSG 2269:0 @!@!@
Computed 8 initial states...
@!@!@ENDMSG 2269 @!@!@
@!@!@STARTMSG 2269:0 @!@!@
Computed 16 initial states...
@!@!@ENDMSG 2269 @!@!@
@!@!@STARTMSG 2269:0 @!@!@
Computed 32 initial states...
@!@!@ENDMSG 2269 @!@!@
@!@!@STARTMSG 2269:0 @!@!@
Computed 64 initial states...
@!@!@ENDMSG 2269 @!@!@
@!@!@STARTMSG 2190:0 @!@!@
Finished computing initial states: 100 distinct states generated at 2021-09-24 20:08:39.
@!@!@ENDMSG 2190 @!@!@
<<1, 1>>
<<2, 2>>
<<3, 3>>
<<4, 4>>
<<5, 5>>
<<6, 6>>
<<7, 7>>
<<8, 8>>
<<9, 9>>
<<10, 10>>
<<1, 1>>
<<1, 1>>
<<10, 10>>
<<3, 3>>
<<4, 4>>
<<8, 8>>
<<6, 6>>
<<1, 1>>
<<1, 1>>
<<5, 5>>
<<9, 9>>
<<7, 7>>
<<1, 1>>
<<2, 2>>
<<1, 1>>
<<1, 1>>
<<1, 1>>
<<1, 1>>
<<1, 1>>
<<1, 1>>
<<7, 7>>
<<3, 3>>
<<5, 5>>
<<2, 2>>
<<3, 3>>
<<4, 4>>
<<9, 9>>
<<2, 2>>
<<4, 4>>
<<8, 8>>
<<10, 10>>
<<6, 6>>
<<8, 8>>
<<5, 5>>
<<7, 7>>
<<9, 9>>
<<6, 6>>
<<10, 10>>
@!@!@STARTMSG 2192:0 @!@!@
Checking temporal properties for the current state space with 198 total distinct states at (2021-09-24 20:08:49)
@!@!@ENDMSG 2192 @!@!@
@!@!@STARTMSG 2267:0 @!@!@
Finished checking temporal properties in 00s at 2021-09-24 20:08:49
@!@!@ENDMSG 2267 @!@!@
<<2, 2>>
@!@!@STARTMSG 2200:0 @!@!@
Progress(3) at 2021-09-24 20:08:49: 210 states generated (210 s/min), 210 distinct states found (210 ds/min), 94 states left on queue.
@!@!@ENDMSG 2200 @!@!@
<<2, 2>>
<<4, 4>>
<<3, 3>>
<<5, 5>>
<<3, 3>>
<<4, 4>>
<<5, 5>>
<<1, 1>>
@!@!@STARTMSG 2114:1 @!@!@
Deadlock reached.
@!@!@ENDMSG 2114 @!@!@
@!@!@STARTMSG 2121:1 @!@!@
The behavior up to this point is:
@!@!@ENDMSG 2121 @!@!@
@!@!@STARTMSG 2217:4 @!@!@
1: <Initial predicate>
/\ x = 10
/\ y = 10
/\ pc = "Lbl_1"
/\ x0 = 10
/\ y0 = 10

@!@!@ENDMSG 2217 @!@!@
<<10, 10>>
@!@!@STARTMSG 2217:4 @!@!@
2: <Lbl_1 line 27, col 10 to line 40, col 34 of module Euclid>
/\ x = 10
/\ y = 10
/\ pc = "Done"
/\ x0 = 10
/\ y0 = 10

@!@!@ENDMSG 2217 @!@!@
<<2, 2>>
<<5, 5>>
<<3, 3>>
<<5, 5>>
<<2, 2>>
<<3, 3>>
<<4, 4>>
<<1, 1>>
<<4, 4>>
<<2, 2>>
<<2, 2>>
<<1, 1>>
<<1, 1>>
<<5, 5>>
<<2, 2>>
<<2, 2>>
<<5, 5>>
<<3, 3>>
<<5, 5>>
<<3, 3>>
<<4, 4>>
<<5, 5>>
<<3, 3>>
<<4, 4>>
<<3, 3>>
<<4, 4>>
<<4, 4>>
@!@!@STARTMSG 2201:0 @!@!@
The coverage statistics at 2021-09-24 20:08:56
@!@!@ENDMSG 2201 @!@!@
@!@!@STARTMSG 2773:0 @!@!@
<Init line 20, col 1 to line 20, col 4 of module Euclid>: 200:200
@!@!@ENDMSG 2773 @!@!@
@!@!@STARTMSG 2221:0 @!@!@
  line 21, col 12 to line 21, col 21 of module Euclid: 2
@!@!@ENDMSG 2221 @!@!@
@!@!@STARTMSG 2221:0 @!@!@
  line 22, col 12 to line 22, col 21 of module Euclid: 20
@!@!@ENDMSG 2221 @!@!@
@!@!@STARTMSG 2221:0 @!@!@
  line 23, col 12 to line 23, col 17 of module Euclid: 200
@!@!@ENDMSG 2221 @!@!@
@!@!@STARTMSG 2221:0 @!@!@
  line 24, col 12 to line 24, col 17 of module Euclid: 200
@!@!@ENDMSG 2221 @!@!@
@!@!@STARTMSG 2221:0 @!@!@
  line 25, col 12 to line 25, col 23 of module Euclid: 200
@!@!@ENDMSG 2221 @!@!@
@!@!@STARTMSG 2772:0 @!@!@
<Lbl_1 line 27, col 1 to line 27, col 5 of module Euclid>: 198:199
@!@!@ENDMSG 2772 @!@!@
@!@!@STARTMSG 2221:0 @!@!@
  line 27, col 13 to line 27, col 24 of module Euclid: 401
@!@!@ENDMSG 2221 @!@!@
@!@!@STARTMSG 2221:0 @!@!@
  |line 27, col 13 to line 27, col 14 of module Euclid: 202
@!@!@ENDMSG 2221 @!@!@
@!@!@STARTMSG 2221:0 @!@!@
  line 28, col 16 to line 28, col 20 of module Euclid: 199
@!@!@ENDMSG 2221 @!@!@
@!@!@STARTMSG 2221:0 @!@!@
  line 29, col 27 to line 29, col 31 of module Euclid: 177
@!@!@ENDMSG 2221 @!@!@
@!@!@STARTMSG 2221:0 @!@!@
  line 30, col 32 to line 31, col 40 of module Euclid: 92
@!@!@ENDMSG 2221 @!@!@
@!@!@STARTMSG 2221:0 @!@!@
  line 32, col 32 to line 33, col 40 of module Euclid: 85
@!@!@ENDMSG 2221 @!@!@
@!@!@STARTMSG 2221:0 @!@!@
  line 34, col 24 to line 34, col 36 of module Euclid: 177
@!@!@ENDMSG 2221 @!@!@
@!@!@STARTMSG 2221:0 @!@!@
  line 35, col 24 to line 35, col 39 of module Euclid: 22
@!@!@ENDMSG 2221 @!@!@
@!@!@STARTMSG 2221:0 @!@!@
  line 36, col 24 to line 37, col 75 of module Euclid: 22
@!@!@ENDMSG 2221 @!@!@
@!@!@STARTMSG 2221:0 @!@!@
  |line 36, col 31 to line 36, col 58 of module Euclid: 22
@!@!@ENDMSG 2221 @!@!@
@!@!@STARTMSG 2221:0 @!@!@
  ||line 36, col 32 to line 36, col 36 of module Euclid: 22
@!@!@ENDMSG 2221 @!@!@
@!@!@STARTMSG 2221:0 @!@!@
  ||line 36, col 43 to line 36, col 57 of module Euclid: 22
@!@!@ENDMSG 2221 @!@!@
@!@!@STARTMSG 2221:0 @!@!@
  |||line 36, col 43 to line 36, col 43 of module Euclid: 22
@!@!@ENDMSG 2221 @!@!@
@!@!@STARTMSG 2221:0 @!@!@
  |||line 36, col 47 to line 36, col 57 of module Euclid: 22
@!@!@ENDMSG 2221 @!@!@
@!@!@STARTMSG 2221:0 @!@!@
  ||||line 6, col 14 to line 6, col 53 of module GCD: 22
@!@!@ENDMSG 2221 @!@!@
@!@!@STARTMSG 2221:0 @!@!@
  |||||line 5, col 14 to line 5, col 47 of module GCD: 22
@!@!@ENDMSG 2221 @!@!@
@!@!@STARTMSG 2221:0 @!@!@
  ||||||line 5, col 30 to line 5, col 47 of module GCD: 52
@!@!@ENDMSG 2221 @!@!@
@!@!@STARTMSG 2221:0 @!@!@
  |||||||line 5, col 42 to line 5, col 47 of module GCD: 128
@!@!@ENDMSG 2221 @!@!@
@!@!@STARTMSG 2221:0 @!@!@
  |||||||line 5, col 39 to line 5, col 39 of module GCD: 52
@!@!@ENDMSG 2221 @!@!@
@!@!@STARTMSG 2221:0 @!@!@
  ||||||line 5, col 27 to line 5, col 27 of module GCD: 22
@!@!@ENDMSG 2221 @!@!@
@!@!@STARTMSG 2221:0 @!@!@
  |||||line 6, col 21 to line 6, col 52 of module GCD: 22
@!@!@ENDMSG 2221 @!@!@
@!@!@STARTMSG 2221:0 @!@!@
  ||||||line 6, col 21 to line 6, col 33 of module GCD: 22
@!@!@ENDMSG 2221 @!@!@
@!@!@STARTMSG 2775:0 @!@!@
  |||||||line 4, col 18 to line 4, col 42 of module GCD: 22:232
@!@!@ENDMSG 2775 @!@!@
@!@!@STARTMSG 2221:0 @!@!@
  ||||||||line 4, col 30 to line 4, col 41 of module GCD: 22022
@!@!@ENDMSG 2221 @!@!@
@!@!@STARTMSG 2221:0 @!@!@
  |||||||||line 3, col 18 to line 3, col 40 of module GCD: 22022
@!@!@ENDMSG 2221 @!@!@
@!@!@STARTMSG 2221:0 @!@!@
  ||||||||||line 3, col 32 to line 3, col 40 of module GCD: 21985204
@!@!@ENDMSG 2221 @!@!@
@!@!@STARTMSG 2221:0 @!@!@
  ||||||||||line 3, col 27 to line 3, col 29 of module GCD: 22022
@!@!@ENDMSG 2221 @!@!@
@!@!@STARTMSG 2221:0 @!@!@
  |||||||||line 4, col 38 to line 4, col 38 of module GCD: 22022
@!@!@ENDMSG 2221 @!@!@
@!@!@STARTMSG 2221:0 @!@!@
  |||||||||line 4, col 40 to line 4, col 40 of module GCD: 22022
@!@!@ENDMSG 2221 @!@!@
@!@!@STARTMSG 2221:0 @!@!@
  ||||||||line 4, col 25 to line 4, col 27 of module GCD: 22
@!@!@ENDMSG 2221 @!@!@
@!@!@STARTMSG 2221:0 @!@!@
  |||||||line 6, col 32 to line 6, col 32 of module GCD: 22
@!@!@ENDMSG 2221 @!@!@
@!@!@STARTMSG 2221:0 @!@!@
  ||||||line 6, col 40 to line 6, col 52 of module GCD: 22
@!@!@ENDMSG 2221 @!@!@
@!@!@STARTMSG 2221:0 @!@!@
  |||||||line 4, col 18 to line 4, col 42 of module GCD: 22
@!@!@ENDMSG 2221 @!@!@
@!@!@STARTMSG 2221:0 @!@!@
  ||||||||line 4, col 30 to line 4, col 41 of module GCD: 22022
@!@!@ENDMSG 2221 @!@!@
@!@!@STARTMSG 2221:0 @!@!@
  |||||||||line 3, col 18 to line 3, col 40 of module GCD: 22022
@!@!@ENDMSG 2221 @!@!@
@!@!@STARTMSG 2221:0 @!@!@
  ||||||||||line 3, col 32 to line 3, col 40 of module GCD: 21984207
@!@!@ENDMSG 2221 @!@!@
@!@!@STARTMSG 2221:0 @!@!@
  ||||||||||line 3, col 27 to line 3, col 29 of module GCD: 22022
@!@!@ENDMSG 2221 @!@!@
@!@!@STARTMSG 2221:0 @!@!@
  |||||||||line 4, col 38 to line 4, col 38 of module GCD: 22022
@!@!@ENDMSG 2221 @!@!@
@!@!@STARTMSG 2221:0 @!@!@
  |||||||||line 4, col 40 to line 4, col 40 of module GCD: 22022
@!@!@ENDMSG 2221 @!@!@
@!@!@STARTMSG 2221:0 @!@!@
  ||||||||line 4, col 25 to line 4, col 27 of module GCD: 22
@!@!@ENDMSG 2221 @!@!@
@!@!@STARTMSG 2221:0 @!@!@
  |||||||line 6, col 51 to line 6, col 51 of module GCD: 22
@!@!@ENDMSG 2221 @!@!@
@!@!@STARTMSG 2221:0 @!@!@
  ||||line 36, col 51 to line 36, col 52 of module Euclid: 22
@!@!@ENDMSG 2221 @!@!@
@!@!@STARTMSG 2221:0 @!@!@
  ||||line 36, col 55 to line 36, col 56 of module Euclid: 22
@!@!@ENDMSG 2221 @!@!@
@!@!@STARTMSG 2221:0 @!@!@
  line 38, col 24 to line 38, col 35 of module Euclid: 22
@!@!@ENDMSG 2221 @!@!@
@!@!@STARTMSG 2221:0 @!@!@
  line 39, col 24 to line 39, col 43 of module Euclid: 22
@!@!@ENDMSG 2221 @!@!@
@!@!@STARTMSG 2221:0 @!@!@
  line 40, col 13 to line 40, col 34 of module Euclid: 199
@!@!@ENDMSG 2221 @!@!@
@!@!@STARTMSG 2774:0 @!@!@
<Safety line 54, col 1 to line 54, col 6 of module Euclid>
@!@!@ENDMSG 2774 @!@!@
@!@!@STARTMSG 2221:0 @!@!@
  line 54, col 11 to line 54, col 54 of module Euclid: 298
@!@!@ENDMSG 2221 @!@!@
@!@!@STARTMSG 2221:0 @!@!@
  |line 54, col 12 to line 54, col 22 of module Euclid: 298
@!@!@ENDMSG 2221 @!@!@
@!@!@STARTMSG 2221:0 @!@!@
  |line 54, col 28 to line 54, col 54 of module Euclid: 21
@!@!@ENDMSG 2221 @!@!@
@!@!@STARTMSG 2221:0 @!@!@
  ||line 54, col 29 to line 54, col 33 of module Euclid: 21
@!@!@ENDMSG 2221 @!@!@
@!@!@STARTMSG 2221:0 @!@!@
  ||line 54, col 40 to line 54, col 53 of module Euclid: 21
@!@!@ENDMSG 2221 @!@!@
@!@!@STARTMSG 2221:0 @!@!@
  |||line 54, col 40 to line 54, col 40 of module Euclid: 21
@!@!@ENDMSG 2221 @!@!@
@!@!@STARTMSG 2221:0 @!@!@
  |||line 54, col 44 to line 54, col 53 of module Euclid: 21
@!@!@ENDMSG 2221 @!@!@
@!@!@STARTMSG 2221:0 @!@!@
  ||||line 6, col 14 to line 6, col 53 of module GCD: 21
@!@!@ENDMSG 2221 @!@!@
@!@!@STARTMSG 2221:0 @!@!@
  |||||line 5, col 14 to line 5, col 47 of module GCD: 21
@!@!@ENDMSG 2221 @!@!@
@!@!@STARTMSG 2221:0 @!@!@
  ||||||line 5, col 30 to line 5, col 47 of module GCD: 48
@!@!@ENDMSG 2221 @!@!@
@!@!@STARTMSG 2221:0 @!@!@
  |||||||line 5, col 42 to line 5, col 47 of module GCD: 115
@!@!@ENDMSG 2221 @!@!@
@!@!@STARTMSG 2221:0 @!@!@
  |||||||line 5, col 39 to line 5, col 39 of module GCD: 48
@!@!@ENDMSG 2221 @!@!@
@!@!@STARTMSG 2221:0 @!@!@
  ||||||line 5, col 27 to line 5, col 27 of module GCD: 21
@!@!@ENDMSG 2221 @!@!@
@!@!@STARTMSG 2221:0 @!@!@
  |||||line 6, col 21 to line 6, col 52 of module GCD: 21
@!@!@ENDMSG 2221 @!@!@
@!@!@STARTMSG 2221:0 @!@!@
  ||||||line 6, col 21 to line 6, col 33 of module GCD: 21
@!@!@ENDMSG 2221 @!@!@
@!@!@STARTMSG 2775:0 @!@!@
  |||||||line 4, col 18 to line 4, col 42 of module GCD: 21:211
@!@!@ENDMSG 2775 @!@!@
@!@!@STARTMSG 2221:0 @!@!@
  ||||||||line 4, col 30 to line 4, col 41 of module GCD: 21021
@!@!@ENDMSG 2221 @!@!@
@!@!@STARTMSG 2221:0 @!@!@
  |||||||||line 3, col 18 to line 3, col 40 of module GCD: 21021
@!@!@ENDMSG 2221 @!@!@
@!@!@STARTMSG 2221:0 @!@!@
  ||||||||||line 3, col 32 to line 3, col 40 of module GCD: 20987185
@!@!@ENDMSG 2221 @!@!@
@!@!@STARTMSG 2221:0 @!@!@
  ||||||||||line 3, col 27 to line 3, col 29 of module GCD: 21021
@!@!@ENDMSG 2221 @!@!@
@!@!@STARTMSG 2221:0 @!@!@
  |||||||||line 4, col 38 to line 4, col 38 of module GCD: 21021
@!@!@ENDMSG 2221 @!@!@
@!@!@STARTMSG 2221:0 @!@!@
  |||||||||line 4, col 40 to line 4, col 40 of module GCD: 21021
@!@!@ENDMSG 2221 @!@!@
@!@!@STARTMSG 2221:0 @!@!@
  ||||||||line 4, col 25 to line 4, col 27 of module GCD: 21
@!@!@ENDMSG 2221 @!@!@
@!@!@STARTMSG 2221:0 @!@!@
  |||||||line 6, col 32 to line 6, col 32 of module GCD: 21
@!@!@ENDMSG 2221 @!@!@
@!@!@STARTMSG 2221:0 @!@!@
  ||||||line 6, col 40 to line 6, col 52 of module GCD: 21
@!@!@ENDMSG 2221 @!@!@
@!@!@STARTMSG 2221:0 @!@!@
  |||||||line 4, col 18 to line 4, col 42 of module GCD: 21
@!@!@ENDMSG 2221 @!@!@
@!@!@STARTMSG 2221:0 @!@!@
  ||||||||line 4, col 30 to line 4, col 41 of module GCD: 21021
@!@!@ENDMSG 2221 @!@!@
@!@!@STARTMSG 2221:0 @!@!@
  |||||||||line 3, col 18 to line 3, col 40 of module GCD: 21021
@!@!@ENDMSG 2221 @!@!@
@!@!@STARTMSG 2221:0 @!@!@
  ||||||||||line 3, col 32 to line 3, col 40 of module GCD: 20986188
@!@!@ENDMSG 2221 @!@!@
@!@!@STARTMSG 2221:0 @!@!@
  ||||||||||line 3, col 27 to line 3, col 29 of module GCD: 21021
@!@!@ENDMSG 2221 @!@!@
@!@!@STARTMSG 2221:0 @!@!@
  |||||||||line 4, col 38 to line 4, col 38 of module GCD: 21021
@!@!@ENDMSG 2221 @!@!@
@!@!@STARTMSG 2221:0 @!@!@
  |||||||||line 4, col 40 to line 4, col 40 of module GCD: 21021
@!@!@ENDMSG 2221 @!@!@
@!@!@STARTMSG 2221:0 @!@!@
  ||||||||line 4, col 25 to line 4, col 27 of module GCD: 21
@!@!@ENDMSG 2221 @!@!@
@!@!@STARTMSG 2221:0 @!@!@
  |||||||line 6, col 51 to line 6, col 51 of module GCD: 21
@!@!@ENDMSG 2221 @!@!@
@!@!@STARTMSG 2221:0 @!@!@
  ||||line 54, col 48 to line 54, col 49 of module Euclid: 21
@!@!@ENDMSG 2221 @!@!@
@!@!@STARTMSG 2221:0 @!@!@
  ||||line 54, col 51 to line 54, col 52 of module Euclid: 21
@!@!@ENDMSG 2221 @!@!@
@!@!@STARTMSG 2202:0 @!@!@
End of statistics.
@!@!@ENDMSG 2202 @!@!@
@!@!@STARTMSG 2200:0 @!@!@
Progress(4) at 2021-09-24 20:08:56: 298 states generated (1,033 s/min), 298 distinct states found (1,033 ds/min), 97 states left on queue.
@!@!@ENDMSG 2200 @!@!@
@!@!@STARTMSG 2199:0 @!@!@
298 states generated, 298 distinct states found, 97 states left on queue.
@!@!@ENDMSG 2199 @!@!@
@!@!@STARTMSG 2194:0 @!@!@
The depth of the complete state graph search is 4.
@!@!@ENDMSG 2194 @!@!@
@!@!@STARTMSG 2268:0 @!@!@
The average outdegree of the complete state graph is 1 (minimum is 0, the maximum 1 and the 95th percentile is 1).
@!@!@ENDMSG 2268 @!@!@
@!@!@STARTMSG 2186:0 @!@!@
Finished in 17300ms at (2021-09-24 20:08:56)
@!@!@ENDMSG 2186 @!@!@
