@!@!@STARTMSG 2262:0 @!@!@
TLC2 Version 2.16 of 31 December 2020 (rev: cdddf55)
@!@!@ENDMSG 2262 @!@!@
@!@!@STARTMSG 2187:0 @!@!@
Running breadth-first search Model-Checking with fp 114 and seed 2744914830124547101 with 12 workers on 12 cores with 1166MB heap and 2619MB offheap memory [pid: 18373] (Linux 5.11.0-36-generic amd64, AdoptOpenJDK 14.0.1 x86_64, OffHeapDiskFPSet, DiskStateQueue).
@!@!@ENDMSG 2187 @!@!@
@!@!@STARTMSG 2220:0 @!@!@
Starting SANY...
@!@!@ENDMSG 2220 @!@!@
Parsing file /home/wrz/tla-practice/Euclid.toolbox/EuclidModel/MC.tla
Parsing file /home/wrz/tla-practice/Euclid.toolbox/EuclidModel/Euclid.tla
Labels added.
Parsing file /home/wrz/tla-toolbox/plugins/org.lamport.tlatools_1.0.0.202012311918/tla2sany/StandardModules/TLC.tla
Parsing file /home/wrz/tla-toolbox/plugins/org.lamport.tlatools_1.0.0.202012311918/tla2sany/StandardModules/Integers.tla
Parsing file /home/wrz/tla-practice/Euclid.toolbox/EuclidModel/GCD.tla
Parsing file /home/wrz/tla-toolbox/plugins/org.lamport.tlatools_1.0.0.202012311918/tla2sany/StandardModules/Naturals.tla
Parsing file /home/wrz/tla-toolbox/plugins/org.lamport.tlatools_1.0.0.202012311918/tla2sany/StandardModules/Sequences.tla
Parsing file /home/wrz/tla-toolbox/plugins/org.lamport.tlatools_1.0.0.202012311918/tla2sany/StandardModules/FiniteSets.tla
Semantic processing of module Naturals
Semantic processing of module Integers
Semantic processing of module Sequences
Semantic processing of module FiniteSets
Semantic processing of module TLC
Semantic processing of module GCD
Semantic processing of module Euclid
Semantic processing of module MC
@!@!@STARTMSG 2219:0 @!@!@
SANY finished.
@!@!@ENDMSG 2219 @!@!@
@!@!@STARTMSG 2185:0 @!@!@
Starting... (2021-09-24 19:50:38)
@!@!@ENDMSG 2185 @!@!@
@!@!@STARTMSG 2189:0 @!@!@
Computing initial states...
@!@!@ENDMSG 2189 @!@!@
@!@!@STARTMSG 2269:0 @!@!@
Computed 2 initial states...
@!@!@ENDMSG 2269 @!@!@
@!@!@STARTMSG 2269:0 @!@!@
Computed 4 initial states...
@!@!@ENDMSG 2269 @!@!@
@!@!@STARTMSG 2269:0 @!@!@
Computed 8 initial states...
@!@!@ENDMSG 2269 @!@!@
@!@!@STARTMSG 2269:0 @!@!@
Computed 16 initial states...
@!@!@ENDMSG 2269 @!@!@
@!@!@STARTMSG 2269:0 @!@!@
Computed 32 initial states...
@!@!@ENDMSG 2269 @!@!@
@!@!@STARTMSG 2269:0 @!@!@
Computed 64 initial states...
@!@!@ENDMSG 2269 @!@!@
@!@!@STARTMSG 2269:0 @!@!@
Computed 128 initial states...
@!@!@ENDMSG 2269 @!@!@
@!@!@STARTMSG 2269:0 @!@!@
Computed 256 initial states...
@!@!@ENDMSG 2269 @!@!@
@!@!@STARTMSG 2190:0 @!@!@
Finished computing initial states: 324 distinct states generated at 2021-09-24 19:50:39.
@!@!@ENDMSG 2190 @!@!@
<<4, 4>>
<<7, 7>>
<<8, 8>>
<<5, 5>>
<<1, 1>>
<<6, 6>>
<<3, 3>>
<<9, 9>>
<<2, 2>>
<<10, 10>>
<<11, 11>>
<<12, 12>>
<<13, 13>>
<<14, 14>>
<<15, 15>>
<<16, 16>>
<<17, 17>>
<<18, 18>>
<<1, 1>>
<<1, 1>>
<<2, 2>>
<<3, 3>>
<<2, 2>>
<<4, 4>>
<<5, 5>>
<<3, 3>>
<<6, 6>>
<<7, 7>>
<<4, 4>>
<<9, 9>>
<<5, 5>>
<<8, 8>>
<<6, 6>>
<<7, 7>>
<<8, 8>>
<<9, 9>>
<<1, 1>>
<<1, 1>>
<<2, 2>>
<<1, 1>>
<<1, 1>>
<<3, 3>>
<<2, 2>>
<<4, 4>>
<<5, 5>>
<<2, 2>>
<<2, 2>>
<<3, 3>>
@!@!@STARTMSG 2200:0 @!@!@
Progress(4) at 2021-09-24 19:50:42: 1,054 states generated (1,054 s/min), 1,039 distinct states found (1,039 ds/min), 297 states left on queue.
@!@!@ENDMSG 2200 @!@!@
<<6, 6>>
<<4, 4>>
<<3, 3>>
<<3, 3>>
<<5, 5>>
<<4, 4>>
<<4, 4>>
<<6, 6>>
<<5, 5>>
<<5, 5>>
<<6, 6>>
<<6, 6>>
<<1, 1>>
<<1, 1>>
<<2, 2>>
<<1, 1>>
<<1, 1>>
<<3, 3>>
<<1, 1>>
<<1, 1>>
<<2, 2>>
<<4, 4>>
<<1, 1>>
<<1, 1>>
<<2, 2>>
<<2, 2>>
<<3, 3>>
<<2, 2>>
<<2, 2>>
<<3, 3>>
<<3, 3>>
<<2, 2>>
<<2, 2>>
<<3, 3>>
<<3, 3>>
<<4, 4>>
<<3, 3>>
<<3, 3>>
<<4, 4>>
<<4, 4>>
<<1, 1>>
<<1, 1>>
<<2, 2>>
<<1, 1>>
<<1, 1>>
<<3, 3>>
<<1, 1>>
<<1, 1>>
<<2, 2>>
<<1, 1>>
<<1, 1>>
<<1, 1>>
<<1, 1>>
<<2, 2>>
<<2, 2>>
<<1, 1>>
<<1, 1>>
<<1, 1>>
<<1, 1>>
<<1, 1>>
<<1, 1>>
<<2, 2>>
<<2, 2>>
<<2, 2>>
<<2, 2>>
<<2, 2>>
<<2, 2>>
<<3, 3>>
<<2, 2>>
<<2, 2>>
<<2, 2>>
<<2, 2>>
<<3, 3>>
<<3, 3>>
<<2, 2>>
<<2, 2>>
<<1, 1>>
<<1, 1>>
<<2, 2>>
<<1, 1>>
<<3, 3>>
<<1, 1>>
<<1, 1>>
<<2, 2>>
<<1, 1>>
<<1, 1>>
<<1, 1>>
<<1, 1>>
<<1, 1>>
<<1, 1>>
<<1, 1>>
<<1, 1>>
<<1, 1>>
<<1, 1>>
<<1, 1>>
<<1, 1>>
<<1, 1>>
<<2, 2>>
<<1, 1>>
<<1, 1>>
<<1, 1>>
<<1, 1>>
<<1, 1>>
<<1, 1>>
<<2, 2>>
<<2, 2>>
<<1, 1>>
<<1, 1>>
<<1, 1>>
<<1, 1>>
<<2, 2>>
<<1, 1>>
<<1, 1>>
<<2, 2>>
<<1, 1>>
<<1, 1>>
<<2, 2>>
<<3, 3>>
<<3, 3>>
<<2, 2>>
<<2, 2>>
<<2, 2>>
<<2, 2>>
<<3, 3>>
<<1, 1>>
<<2, 2>>
<<1, 1>>
<<1, 1>>
<<1, 1>>
<<1, 1>>
<<1, 1>>
<<1, 1>>
<<1, 1>>
<<1, 1>>
<<1, 1>>
<<1, 1>>
<<1, 1>>
<<1, 1>>
<<1, 1>>
<<1, 1>>
<<1, 1>>
<<1, 1>>
<<1, 1>>
<<1, 1>>
<<1, 1>>
<<1, 1>>
<<1, 1>>
<<1, 1>>
<<1, 1>>
<<1, 1>>
<<1, 1>>
<<1, 1>>
<<1, 1>>
<<1, 1>>
<<1, 1>>
<<2, 2>>
<<1, 1>>
<<1, 1>>
<<1, 1>>
<<1, 1>>
<<1, 1>>
<<1, 1>>
<<2, 2>>
<<1, 1>>
<<1, 1>>
<<1, 1>>
<<1, 1>>
<<2, 2>>
<<1, 1>>
<<1, 1>>
<<1, 1>>
<<1, 1>>
<<1, 1>>
<<1, 1>>
<<1, 1>>
<<1, 1>>
<<1, 1>>
<<1, 1>>
<<1, 1>>
<<1, 1>>
<<1, 1>>
<<2, 2>>
<<1, 1>>
<<1, 1>>
<<1, 1>>
<<1, 1>>
<<1, 1>>
<<1, 1>>
<<1, 1>>
<<1, 1>>
<<1, 1>>
<<1, 1>>
<<1, 1>>
<<1, 1>>
<<1, 1>>
<<1, 1>>
<<1, 1>>
<<1, 1>>
<<1, 1>>
<<1, 1>>
<<1, 1>>
<<1, 1>>
<<2, 2>>
<<1, 1>>
<<2, 2>>
<<1, 1>>
<<1, 1>>
<<1, 1>>
<<1, 1>>
<<2, 2>>
<<1, 1>>
<<1, 1>>
<<1, 1>>
<<1, 1>>
<<1, 1>>
<<1, 1>>
<<1, 1>>
<<1, 1>>
<<2, 2>>
<<1, 1>>
<<1, 1>>
<<1, 1>>
<<1, 1>>
<<1, 1>>
<<1, 1>>
<<1, 1>>
<<1, 1>>
<<1, 1>>
<<1, 1>>
<<2, 2>>
<<2, 2>>
<<2, 2>>
<<1, 1>>
<<1, 1>>
<<1, 1>>
<<1, 1>>
<<1, 1>>
<<1, 1>>
<<1, 1>>
<<1, 1>>
<<1, 1>>
<<1, 1>>
<<1, 1>>
<<1, 1>>
<<1, 1>>
<<1, 1>>
<<1, 1>>
<<1, 1>>
<<1, 1>>
<<1, 1>>
<<1, 1>>
<<1, 1>>
<<1, 1>>
<<1, 1>>
<<1, 1>>
<<1, 1>>
<<1, 1>>
<<1, 1>>
<<1, 1>>
<<1, 1>>
<<1, 1>>
<<1, 1>>
<<1, 1>>
<<1, 1>>
<<1, 1>>
<<1, 1>>
<<1, 1>>
<<1, 1>>
<<1, 1>>
<<1, 1>>
<<1, 1>>
<<1, 1>>
<<1, 1>>
<<1, 1>>
<<1, 1>>
<<1, 1>>
@!@!@STARTMSG 2193:0 @!@!@
Model checking completed. No error has been found.
  Estimates of the probability that TLC did not check all reachable states
  because two distinct states had the same fingerprint:
  calculated (optimistic):  val = 4.3E-14
@!@!@ENDMSG 2193 @!@!@
@!@!@STARTMSG 2201:0 @!@!@
The coverage statistics at 2021-09-24 19:50:58
@!@!@ENDMSG 2201 @!@!@
@!@!@STARTMSG 2773:0 @!@!@
<Init line 19, col 1 to line 19, col 4 of module Euclid>: 324:324
@!@!@ENDMSG 2773 @!@!@
@!@!@STARTMSG 2221:0 @!@!@
  line 20, col 12 to line 20, col 21 of module Euclid: 1
@!@!@ENDMSG 2221 @!@!@
@!@!@STARTMSG 2221:0 @!@!@
  line 21, col 12 to line 21, col 21 of module Euclid: 18
@!@!@ENDMSG 2221 @!@!@
@!@!@STARTMSG 2221:0 @!@!@
  line 22, col 12 to line 22, col 17 of module Euclid: 324
@!@!@ENDMSG 2221 @!@!@
@!@!@STARTMSG 2221:0 @!@!@
  line 23, col 12 to line 23, col 17 of module Euclid: 324
@!@!@ENDMSG 2221 @!@!@
@!@!@STARTMSG 2221:0 @!@!@
  line 24, col 12 to line 24, col 23 of module Euclid: 324
@!@!@ENDMSG 2221 @!@!@
@!@!@STARTMSG 2772:0 @!@!@
<Lbl_1 line 26, col 1 to line 26, col 5 of module Euclid>: 2114:2114
@!@!@ENDMSG 2772 @!@!@
@!@!@STARTMSG 2221:0 @!@!@
  line 26, col 13 to line 26, col 24 of module Euclid: 4552
@!@!@ENDMSG 2221 @!@!@
@!@!@STARTMSG 2221:0 @!@!@
  |line 26, col 13 to line 26, col 14 of module Euclid: 2438
@!@!@ENDMSG 2221 @!@!@
@!@!@STARTMSG 2221:0 @!@!@
  line 27, col 16 to line 27, col 20 of module Euclid: 2114
@!@!@ENDMSG 2221 @!@!@
@!@!@STARTMSG 2221:0 @!@!@
  line 28, col 27 to line 28, col 31 of module Euclid: 1790
@!@!@ENDMSG 2221 @!@!@
@!@!@STARTMSG 2221:0 @!@!@
  line 29, col 32 to line 30, col 40 of module Euclid: 895
@!@!@ENDMSG 2221 @!@!@
@!@!@STARTMSG 2221:0 @!@!@
  line 31, col 32 to line 32, col 40 of module Euclid: 895
@!@!@ENDMSG 2221 @!@!@
@!@!@STARTMSG 2221:0 @!@!@
  line 33, col 24 to line 33, col 36 of module Euclid: 1790
@!@!@ENDMSG 2221 @!@!@
@!@!@STARTMSG 2221:0 @!@!@
  line 34, col 24 to line 34, col 39 of module Euclid: 324
@!@!@ENDMSG 2221 @!@!@
@!@!@STARTMSG 2221:0 @!@!@
  line 35, col 24 to line 35, col 35 of module Euclid: 324
@!@!@ENDMSG 2221 @!@!@
@!@!@STARTMSG 2221:0 @!@!@
  line 36, col 24 to line 36, col 43 of module Euclid: 324
@!@!@ENDMSG 2221 @!@!@
@!@!@STARTMSG 2221:0 @!@!@
  line 37, col 13 to line 37, col 34 of module Euclid: 2114
@!@!@ENDMSG 2221 @!@!@
@!@!@STARTMSG 2772:0 @!@!@
<Terminating line 40, col 1 to line 40, col 11 of module Euclid>: 0:324
@!@!@ENDMSG 2772 @!@!@
@!@!@STARTMSG 2221:0 @!@!@
  line 40, col 16 to line 40, col 26 of module Euclid: 2762
@!@!@ENDMSG 2221 @!@!@
@!@!@STARTMSG 2221:0 @!@!@
  |line 40, col 16 to line 40, col 17 of module Euclid: 2438
@!@!@ENDMSG 2221 @!@!@
@!@!@STARTMSG 2221:0 @!@!@
  line 40, col 31 to line 40, col 44 of module Euclid: 324
@!@!@ENDMSG 2221 @!@!@
@!@!@STARTMSG 2774:0 @!@!@
<Safety line 50, col 1 to line 50, col 6 of module Euclid>
@!@!@ENDMSG 2774 @!@!@
@!@!@STARTMSG 2221:0 @!@!@
  line 50, col 11 to line 50, col 54 of module Euclid: 2438
@!@!@ENDMSG 2221 @!@!@
@!@!@STARTMSG 2221:0 @!@!@
  |line 50, col 12 to line 50, col 22 of module Euclid: 2438
@!@!@ENDMSG 2221 @!@!@
@!@!@STARTMSG 2221:0 @!@!@
  |line 50, col 28 to line 50, col 54 of module Euclid: 324
@!@!@ENDMSG 2221 @!@!@
@!@!@STARTMSG 2221:0 @!@!@
  ||line 50, col 29 to line 50, col 33 of module Euclid: 324
@!@!@ENDMSG 2221 @!@!@
@!@!@STARTMSG 2221:0 @!@!@
  ||line 50, col 40 to line 50, col 53 of module Euclid: 324
@!@!@ENDMSG 2221 @!@!@
@!@!@STARTMSG 2221:0 @!@!@
  |||line 50, col 40 to line 50, col 40 of module Euclid: 324
@!@!@ENDMSG 2221 @!@!@
@!@!@STARTMSG 2221:0 @!@!@
  |||line 50, col 44 to line 50, col 53 of module Euclid: 324
@!@!@ENDMSG 2221 @!@!@
@!@!@STARTMSG 2221:0 @!@!@
  ||||line 6, col 14 to line 6, col 53 of module GCD: 324
@!@!@ENDMSG 2221 @!@!@
@!@!@STARTMSG 2221:0 @!@!@
  |||||line 5, col 14 to line 5, col 47 of module GCD: 324
@!@!@ENDMSG 2221 @!@!@
@!@!@STARTMSG 2221:0 @!@!@
  ||||||line 5, col 30 to line 5, col 47 of module GCD: 496
@!@!@ENDMSG 2221 @!@!@
@!@!@STARTMSG 2221:0 @!@!@
  |||||||line 5, col 42 to line 5, col 47 of module GCD: 919
@!@!@ENDMSG 2221 @!@!@
@!@!@STARTMSG 2221:0 @!@!@
  |||||||line 5, col 39 to line 5, col 39 of module GCD: 496
@!@!@ENDMSG 2221 @!@!@
@!@!@STARTMSG 2221:0 @!@!@
  ||||||line 5, col 27 to line 5, col 27 of module GCD: 324
@!@!@ENDMSG 2221 @!@!@
@!@!@STARTMSG 2221:0 @!@!@
  |||||line 6, col 21 to line 6, col 52 of module GCD: 324
@!@!@ENDMSG 2221 @!@!@
@!@!@STARTMSG 2221:0 @!@!@
  ||||||line 6, col 21 to line 6, col 33 of module GCD: 324
@!@!@ENDMSG 2221 @!@!@
@!@!@STARTMSG 2775:0 @!@!@
  |||||||line 4, col 18 to line 4, col 42 of module GCD: 324:1911
@!@!@ENDMSG 2775 @!@!@
@!@!@STARTMSG 2221:0 @!@!@
  ||||||||line 4, col 30 to line 4, col 41 of module GCD: 324324
@!@!@ENDMSG 2221 @!@!@
@!@!@STARTMSG 2221:0 @!@!@
  |||||||||line 3, col 18 to line 3, col 40 of module GCD: 324324
@!@!@ENDMSG 2221 @!@!@
@!@!@STARTMSG 2221:0 @!@!@
  ||||||||||line 3, col 32 to line 3, col 40 of module GCD: 323609310
@!@!@ENDMSG 2221 @!@!@
@!@!@STARTMSG 2221:0 @!@!@
  ||||||||||line 3, col 27 to line 3, col 29 of module GCD: 324324
@!@!@ENDMSG 2221 @!@!@
@!@!@STARTMSG 2221:0 @!@!@
  |||||||||line 4, col 38 to line 4, col 38 of module GCD: 324324
@!@!@ENDMSG 2221 @!@!@
@!@!@STARTMSG 2221:0 @!@!@
  |||||||||line 4, col 40 to line 4, col 40 of module GCD: 324324
@!@!@ENDMSG 2221 @!@!@
@!@!@STARTMSG 2221:0 @!@!@
  ||||||||line 4, col 25 to line 4, col 27 of module GCD: 324
@!@!@ENDMSG 2221 @!@!@
@!@!@STARTMSG 2221:0 @!@!@
  |||||||line 6, col 32 to line 6, col 32 of module GCD: 324
@!@!@ENDMSG 2221 @!@!@
@!@!@STARTMSG 2221:0 @!@!@
  ||||||line 6, col 40 to line 6, col 52 of module GCD: 324
@!@!@ENDMSG 2221 @!@!@
@!@!@STARTMSG 2221:0 @!@!@
  |||||||line 4, col 18 to line 4, col 42 of module GCD: 324
@!@!@ENDMSG 2221 @!@!@
@!@!@STARTMSG 2221:0 @!@!@
  ||||||||line 4, col 30 to line 4, col 41 of module GCD: 324324
@!@!@ENDMSG 2221 @!@!@
@!@!@STARTMSG 2221:0 @!@!@
  |||||||||line 3, col 18 to line 3, col 40 of module GCD: 324324
@!@!@ENDMSG 2221 @!@!@
@!@!@STARTMSG 2221:0 @!@!@
  ||||||||||line 3, col 32 to line 3, col 40 of module GCD: 323609310
@!@!@ENDMSG 2221 @!@!@
@!@!@STARTMSG 2221:0 @!@!@
  ||||||||||line 3, col 27 to line 3, col 29 of module GCD: 324324
@!@!@ENDMSG 2221 @!@!@
@!@!@STARTMSG 2221:0 @!@!@
  |||||||||line 4, col 38 to line 4, col 38 of module GCD: 324324
@!@!@ENDMSG 2221 @!@!@
@!@!@STARTMSG 2221:0 @!@!@
  |||||||||line 4, col 40 to line 4, col 40 of module GCD: 324324
@!@!@ENDMSG 2221 @!@!@
@!@!@STARTMSG 2221:0 @!@!@
  ||||||||line 4, col 25 to line 4, col 27 of module GCD: 324
@!@!@ENDMSG 2221 @!@!@
@!@!@STARTMSG 2221:0 @!@!@
  |||||||line 6, col 51 to line 6, col 51 of module GCD: 324
@!@!@ENDMSG 2221 @!@!@
@!@!@STARTMSG 2221:0 @!@!@
  ||||line 50, col 48 to line 50, col 49 of module Euclid: 324
@!@!@ENDMSG 2221 @!@!@
@!@!@STARTMSG 2221:0 @!@!@
  ||||line 50, col 51 to line 50, col 52 of module Euclid: 324
@!@!@ENDMSG 2221 @!@!@
@!@!@STARTMSG 2202:0 @!@!@
End of statistics.
@!@!@ENDMSG 2202 @!@!@
@!@!@STARTMSG 2200:0 @!@!@
Progress(19) at 2021-09-24 19:50:58: 2,762 states generated (8,172 s/min), 2,438 distinct states found (7,214 ds/min), 0 states left on queue.
@!@!@ENDMSG 2200 @!@!@
@!@!@STARTMSG 2199:0 @!@!@
2762 states generated, 2438 distinct states found, 0 states left on queue.
@!@!@ENDMSG 2199 @!@!@
@!@!@STARTMSG 2194:0 @!@!@
The depth of the complete state graph search is 19.
@!@!@ENDMSG 2194 @!@!@
@!@!@STARTMSG 2268:0 @!@!@
The average outdegree of the complete state graph is 1 (minimum is 0, the maximum 1 and the 95th percentile is 1).
@!@!@ENDMSG 2268 @!@!@
@!@!@STARTMSG 2186:0 @!@!@
Finished in 20279ms at (2021-09-24 19:50:58)
@!@!@ENDMSG 2186 @!@!@
