@!@!@STARTMSG 2262:0 @!@!@
TLC2 Version 2.16 of 31 December 2020 (rev: cdddf55)
@!@!@ENDMSG 2262 @!@!@
@!@!@STARTMSG 2187:0 @!@!@
Running breadth-first search Model-Checking with fp 83 and seed 4314835261985182262 with 6 workers on 12 cores with 1166MB heap and 2619MB offheap memory [pid: 10592] (Linux 5.11.0-36-generic amd64, AdoptOpenJDK 14.0.1 x86_64, OffHeapDiskFPSet, DiskStateQueue).
@!@!@ENDMSG 2187 @!@!@
@!@!@STARTMSG 2220:0 @!@!@
Starting SANY...
@!@!@ENDMSG 2220 @!@!@
Parsing file /home/wrz/tla-practice/Alternation.toolbox/AlternationModel/MC.tla
Parsing file /home/wrz/tla-practice/Alternation.toolbox/AlternationModel/Alternation.tla
Parsing file /home/wrz/tla-toolbox/plugins/org.lamport.tlatools_1.0.0.202012311918/tla2sany/StandardModules/TLC.tla
Parsing file /home/wrz/tla-toolbox/plugins/org.lamport.tlatools_1.0.0.202012311918/tla2sany/StandardModules/Sequences.tla
Parsing file /home/wrz/tla-toolbox/plugins/org.lamport.tlatools_1.0.0.202012311918/tla2sany/StandardModules/Naturals.tla
Parsing file /home/wrz/tla-toolbox/plugins/org.lamport.tlatools_1.0.0.202012311918/tla2sany/StandardModules/FiniteSets.tla
Semantic processing of module Naturals
Semantic processing of module Sequences
Semantic processing of module Alternation
Semantic processing of module FiniteSets
Semantic processing of module TLC
Semantic processing of module MC
@!@!@STARTMSG 2219:0 @!@!@
SANY finished.
@!@!@ENDMSG 2219 @!@!@
@!@!@STARTMSG 2185:0 @!@!@
Starting... (2021-09-29 10:45:05)
@!@!@ENDMSG 2185 @!@!@
@!@!@STARTMSG 2105:1 @!@!@
Evaluating assumption line 10, col 8 to line 10, col 65 of module MC failed.
@!@!@STARTMSG 2280:0 @!@!@
In evaluation, the identifier box is either undefined or not an operator.
line 6, col 7 to line 6, col 9 of module MC
@!@!@ENDMSG 2280 @!@!@
@!@!@ENDMSG 2105 @!@!@
@!@!@STARTMSG 2186:0 @!@!@
Finished in 740ms at (2021-09-29 10:45:05)
@!@!@ENDMSG 2186 @!@!@
