@!@!@STARTMSG 2262:0 @!@!@
TLC2 Version 2.16 of 31 December 2020 (rev: cdddf55)
@!@!@ENDMSG 2262 @!@!@
@!@!@STARTMSG 2187:0 @!@!@
Running breadth-first search Model-Checking with fp 96 and seed -5445805574539328892 with 12 workers on 12 cores with 1166MB heap and 2619MB offheap memory [pid: 19655] (Linux 5.11.0-36-generic amd64, AdoptOpenJDK 14.0.1 x86_64, OffHeapDiskFPSet, DiskStateQueue).
@!@!@ENDMSG 2187 @!@!@
@!@!@STARTMSG 2220:0 @!@!@
Starting SANY...
@!@!@ENDMSG 2220 @!@!@
Parsing file /home/wrz/tla-practice/Euclid.toolbox/EuclidModel/MC.tla
Parsing file /home/wrz/tla-practice/Euclid.toolbox/EuclidModel/Euclid.tla
Parsing file /home/wrz/tla-toolbox/plugins/org.lamport.tlatools_1.0.0.202012311918/tla2sany/StandardModules/TLC.tla
Parsing file /home/wrz/tla-toolbox/plugins/org.lamport.tlatools_1.0.0.202012311918/tla2sany/StandardModules/Integers.tla
Parsing file /home/wrz/tla-practice/Euclid.toolbox/EuclidModel/GCD.tla
Parsing file /home/wrz/tla-toolbox/plugins/org.lamport.tlatools_1.0.0.202012311918/tla2sany/StandardModules/Naturals.tla
Parsing file /home/wrz/tla-toolbox/plugins/org.lamport.tlatools_1.0.0.202012311918/tla2sany/StandardModules/Sequences.tla
Parsing file /home/wrz/tla-toolbox/plugins/org.lamport.tlatools_1.0.0.202012311918/tla2sany/StandardModules/FiniteSets.tla
Semantic processing of module Naturals
Semantic processing of module Integers
Semantic processing of module Sequences
Semantic processing of module FiniteSets
Semantic processing of module TLC
Semantic processing of module GCD
Semantic processing of module Euclid
Semantic processing of module MC
@!@!@STARTMSG 2219:0 @!@!@
SANY finished.
@!@!@ENDMSG 2219 @!@!@
@!@!@STARTMSG 2185:0 @!@!@
Starting... (2021-09-24 20:29:06)
@!@!@ENDMSG 2185 @!@!@
@!@!@STARTMSG 2212:0 @!@!@
Implied-temporal checking--satisfiability problem has 1 branches.
@!@!@ENDMSG 2212 @!@!@
@!@!@STARTMSG 2189:0 @!@!@
Computing initial states...
@!@!@ENDMSG 2189 @!@!@
@!@!@STARTMSG 2269:0 @!@!@
Computed 2 initial states...
@!@!@ENDMSG 2269 @!@!@
@!@!@STARTMSG 2269:0 @!@!@
Computed 4 initial states...
@!@!@ENDMSG 2269 @!@!@
@!@!@STARTMSG 2269:0 @!@!@
Computed 8 initial states...
@!@!@ENDMSG 2269 @!@!@
@!@!@STARTMSG 2269:0 @!@!@
Computed 16 initial states...
@!@!@ENDMSG 2269 @!@!@
@!@!@STARTMSG 2269:0 @!@!@
Computed 32 initial states...
@!@!@ENDMSG 2269 @!@!@
@!@!@STARTMSG 2269:0 @!@!@
Computed 64 initial states...
@!@!@ENDMSG 2269 @!@!@
@!@!@STARTMSG 2190:0 @!@!@
Finished computing initial states: 100 distinct states generated at 2021-09-24 20:29:06.
@!@!@ENDMSG 2190 @!@!@
<<1, 1>>
<<2, 2>>
<<3, 3>>
<<4, 4>>
<<5, 5>>
<<6, 6>>
<<7, 7>>
<<8, 8>>
<<9, 9>>
<<10, 10>>
<<1, 1>>
<<1, 1>>
<<10, 10>>
<<2, 2>>
<<1, 1>>
<<3, 3>>
<<1, 1>>
<<4, 4>>
<<8, 8>>
<<1, 1>>
<<6, 6>>
<<5, 5>>
<<7, 7>>
<<9, 9>>
<<1, 1>>
<<1, 1>>
<<1, 1>>
<<1, 1>>
<<1, 1>>
<<3, 3>>
<<2, 2>>
<<7, 7>>
<<5, 5>>
<<7, 7>>
<<4, 4>>
<<1, 1>>
<<9, 9>>
<<10, 10>>
<<9, 9>>
<<8, 8>>
<<2, 2>>
<<6, 6>>
<<8, 8>>
<<3, 3>>
<<5, 5>>
<<6, 6>>
<<4, 4>>
<<10, 10>>
@!@!@STARTMSG 2192:0 @!@!@
Checking temporal properties for the current state space with 288 total distinct states at (2021-09-24 20:29:16)
@!@!@ENDMSG 2192 @!@!@
@!@!@STARTMSG 2267:0 @!@!@
Finished checking temporal properties in 00s at 2021-09-24 20:29:16
@!@!@ENDMSG 2267 @!@!@
<<2, 2>>
<<3, 3>>
@!@!@STARTMSG 2200:0 @!@!@
Progress(4) at 2021-09-24 20:29:16: 309 states generated (309 s/min), 300 distinct states found (300 ds/min), 98 states left on queue.
@!@!@ENDMSG 2200 @!@!@
<<2, 2>>
<<4, 4>>
<<5, 5>>
<<3, 3>>
<<4, 4>>
<<5, 5>>
<<1, 1>>
<<1, 1>>
<<1, 1>>
<<1, 1>>
<<3, 3>>
<<4, 4>>
<<4, 4>>
<<2, 2>>
<<1, 1>>
<<2, 2>>
<<5, 5>>
<<1, 1>>
<<3, 3>>
<<5, 5>>
<<1, 1>>
<<1, 1>>
<<1, 1>>
<<1, 1>>
<<1, 1>>
<<1, 1>>
<<1, 1>>
<<2, 2>>
<<3, 3>>
<<5, 5>>
<<3, 3>>
<<5, 5>>
<<2, 2>>
<<5, 5>>
<<2, 2>>
<<1, 1>>
<<4, 4>>
<<1, 1>>
<<1, 1>>
<<4, 4>>
<<2, 2>>
<<3, 3>>
<<4, 4>>
<<2, 2>>
<<2, 2>>
<<4, 4>>
<<2, 2>>
<<3, 3>>
<<3, 3>>
<<5, 5>>
<<2, 2>>
<<3, 3>>
<<2, 2>>
<<2, 2>>
<<3, 3>>
<<2, 2>>
<<3, 3>>
<<3, 3>>
<<1, 1>>
<<1, 1>>
<<3, 3>>
<<2, 2>>
<<3, 3>>
<<1, 1>>
<<1, 1>>
<<3, 3>>
<<1, 1>>
<<2, 2>>
<<2, 2>>
<<3, 3>>
<<2, 2>>
<<2, 2>>
<<1, 1>>
<<1, 1>>
<<1, 1>>
<<2, 2>>
<<1, 1>>
<<1, 1>>
<<3, 3>>
<<3, 3>>
<<2, 2>>
<<3, 3>>
<<3, 3>>
<<2, 2>>
<<3, 3>>
<<2, 2>>
<<1, 1>>
<<3, 3>>
<<2, 2>>
<<2, 2>>
<<1, 1>>
<<1, 1>>
<<1, 1>>
<<1, 1>>
<<2, 2>>
<<1, 1>>
<<1, 1>>
<<2, 2>>
<<3, 3>>
<<1, 1>>
<<1, 1>>
<<2, 2>>
<<1, 1>>
<<2, 2>>
<<2, 2>>
<<2, 2>>
<<1, 1>>
<<2, 2>>
<<1, 1>>
<<2, 2>>
<<2, 2>>
<<2, 2>>
<<1, 1>>
<<2, 2>>
<<2, 2>>
<<1, 1>>
<<2, 2>>
<<1, 1>>
<<1, 1>>
<<1, 1>>
<<2, 2>>
<<2, 2>>
<<1, 1>>
<<1, 1>>
<<2, 2>>
<<2, 2>>
<<1, 1>>
<<2, 2>>
<<1, 1>>
<<1, 1>>
<<1, 1>>
<<2, 2>>
<<2, 2>>
<<1, 1>>
<<1, 1>>
<<2, 2>>
<<1, 1>>
<<2, 2>>
<<2, 2>>
<<2, 2>>
<<2, 2>>
<<2, 2>>
<<2, 2>>
<<2, 2>>
<<1, 1>>
<<1, 1>>
<<1, 1>>
<<1, 1>>
<<1, 1>>
<<2, 2>>
<<2, 2>>
<<2, 2>>
<<2, 2>>
<<1, 1>>
<<1, 1>>
<<1, 1>>
<<1, 1>>
<<1, 1>>
<<1, 1>>
<<1, 1>>
<<1, 1>>
<<1, 1>>
<<1, 1>>
<<1, 1>>
<<2, 2>>
<<2, 2>>
<<1, 1>>
<<1, 1>>
<<1, 1>>
<<1, 1>>
<<1, 1>>
<<1, 1>>
<<1, 1>>
<<1, 1>>
<<1, 1>>
<<1, 1>>
<<1, 1>>
<<1, 1>>
<<1, 1>>
<<1, 1>>
<<2, 2>>
<<1, 1>>
<<1, 1>>
<<1, 1>>
<<1, 1>>
<<1, 1>>
<<1, 1>>
<<1, 1>>
<<1, 1>>
<<1, 1>>
<<1, 1>>
<<1, 1>>
<<2, 2>>
<<2, 2>>
<<2, 2>>
<<1, 1>>
<<1, 1>>
<<1, 1>>
<<1, 1>>
<<2, 2>>
<<1, 1>>
<<1, 1>>
<<2, 2>>
<<1, 1>>
<<1, 1>>
<<1, 1>>
<<1, 1>>
<<1, 1>>
<<1, 1>>
<<1, 1>>
<<1, 1>>
<<2, 2>>
<<1, 1>>
<<1, 1>>
<<1, 1>>
<<1, 1>>
<<1, 1>>
<<1, 1>>
<<1, 1>>
<<1, 1>>
<<1, 1>>
<<1, 1>>
<<1, 1>>
<<2, 2>>
<<2, 2>>
<<2, 2>>
<<2, 2>>
<<1, 1>>
<<1, 1>>
<<1, 1>>
<<1, 1>>
<<1, 1>>
<<2, 2>>
<<1, 1>>
<<1, 1>>
<<1, 1>>
<<1, 1>>
<<1, 1>>
<<1, 1>>
<<1, 1>>
<<1, 1>>
<<1, 1>>
<<1, 1>>
<<1, 1>>
<<1, 1>>
<<1, 1>>
<<1, 1>>
<<1, 1>>
<<1, 1>>
<<1, 1>>
<<1, 1>>
<<1, 1>>
<<1, 1>>
<<1, 1>>
<<1, 1>>
<<1, 1>>
<<1, 1>>
<<1, 1>>
<<1, 1>>
<<1, 1>>
<<1, 1>>
<<1, 1>>
<<1, 1>>
<<1, 1>>
<<1, 1>>
<<1, 1>>
<<1, 1>>
<<1, 1>>
<<1, 1>>
<<1, 1>>
<<1, 1>>
<<1, 1>>
<<1, 1>>
<<1, 1>>
<<1, 1>>
<<1, 1>>
<<1, 1>>
<<1, 1>>
<<1, 1>>
<<1, 1>>
<<1, 1>>
<<1, 1>>
<<1, 1>>
<<1, 1>>
<<1, 1>>
<<1, 1>>
<<1, 1>>
<<1, 1>>
<<1, 1>>
<<1, 1>>
<<1, 1>>
<<1, 1>>
<<1, 1>>
<<1, 1>>
<<1, 1>>
<<1, 1>>
<<1, 1>>
<<1, 1>>
<<1, 1>>
<<1, 1>>
<<1, 1>>
<<1, 1>>
<<1, 1>>
<<1, 1>>
<<1, 1>>
<<1, 1>>
<<1, 1>>
<<1, 1>>
<<1, 1>>
<<1, 1>>
<<1, 1>>
<<1, 1>>
<<1, 1>>
<<1, 1>>
<<1, 1>>
<<1, 1>>
<<1, 1>>
<<1, 1>>
<<1, 1>>
<<1, 1>>
<<1, 1>>
<<1, 1>>
<<1, 1>>
<<1, 1>>
<<1, 1>>
<<1, 1>>
<<1, 1>>
<<1, 1>>
<<1, 1>>
<<1, 1>>
<<1, 1>>
<<1, 1>>
<<1, 1>>
<<1, 1>>
<<1, 1>>
<<1, 1>>
<<1, 1>>
<<1, 1>>
<<1, 1>>
<<1, 1>>
<<1, 1>>
<<1, 1>>
<<1, 1>>
<<1, 1>>
<<1, 1>>
<<1, 1>>
<<1, 1>>
<<1, 1>>
<<1, 1>>
<<1, 1>>
@!@!@STARTMSG 2200:0 @!@!@
Progress(20) at 2021-09-24 20:30:18: 1,024 states generated, 924 distinct states found, 0 states left on queue.
@!@!@ENDMSG 2200 @!@!@
@!@!@STARTMSG 2192:0 @!@!@
Checking temporal properties for the complete state space with 924 total distinct states at (2021-09-24 20:30:18)
@!@!@ENDMSG 2192 @!@!@
@!@!@STARTMSG 2267:0 @!@!@
Finished checking temporal properties in 00s at 2021-09-24 20:30:18
@!@!@ENDMSG 2267 @!@!@
@!@!@STARTMSG 2193:0 @!@!@
Model checking completed. No error has been found.
  Estimates of the probability that TLC did not check all reachable states
  because two distinct states had the same fingerprint:
  calculated (optimistic):  val = 5.0E-15
@!@!@ENDMSG 2193 @!@!@
@!@!@STARTMSG 2201:0 @!@!@
The coverage statistics at 2021-09-24 20:30:18
@!@!@ENDMSG 2201 @!@!@
@!@!@STARTMSG 2773:0 @!@!@
<Init line 20, col 1 to line 20, col 4 of module Euclid>: 100:100
@!@!@ENDMSG 2773 @!@!@
@!@!@STARTMSG 2221:0 @!@!@
  line 21, col 12 to line 21, col 21 of module Euclid: 1
@!@!@ENDMSG 2221 @!@!@
@!@!@STARTMSG 2221:0 @!@!@
  line 22, col 12 to line 22, col 21 of module Euclid: 10
@!@!@ENDMSG 2221 @!@!@
@!@!@STARTMSG 2221:0 @!@!@
  line 23, col 12 to line 23, col 17 of module Euclid: 100
@!@!@ENDMSG 2221 @!@!@
@!@!@STARTMSG 2221:0 @!@!@
  line 24, col 12 to line 24, col 17 of module Euclid: 100
@!@!@ENDMSG 2221 @!@!@
@!@!@STARTMSG 2221:0 @!@!@
  line 25, col 12 to line 25, col 22 of module Euclid: 100
@!@!@ENDMSG 2221 @!@!@
@!@!@STARTMSG 2772:0 @!@!@
<loop line 27, col 1 to line 27, col 4 of module Euclid>: 462:462
@!@!@ENDMSG 2772 @!@!@
@!@!@STARTMSG 2221:0 @!@!@
  line 27, col 12 to line 27, col 22 of module Euclid: 1388
@!@!@ENDMSG 2221 @!@!@
@!@!@STARTMSG 2221:0 @!@!@
  |line 27, col 12 to line 27, col 13 of module Euclid: 926
@!@!@ENDMSG 2221 @!@!@
@!@!@STARTMSG 2221:0 @!@!@
  line 28, col 15 to line 28, col 19 of module Euclid: 462
@!@!@ENDMSG 2221 @!@!@
@!@!@STARTMSG 2221:0 @!@!@
  line 29, col 20 to line 29, col 36 of module Euclid: 362
@!@!@ENDMSG 2221 @!@!@
@!@!@STARTMSG 2221:0 @!@!@
  line 30, col 23 to line 30, col 38 of module Euclid: 100
@!@!@ENDMSG 2221 @!@!@
@!@!@STARTMSG 2221:0 @!@!@
  line 31, col 23 to line 32, col 74 of module Euclid: 100
@!@!@ENDMSG 2221 @!@!@
@!@!@STARTMSG 2221:0 @!@!@
  |line 31, col 30 to line 31, col 57 of module Euclid: 100
@!@!@ENDMSG 2221 @!@!@
@!@!@STARTMSG 2221:0 @!@!@
  ||line 31, col 31 to line 31, col 35 of module Euclid: 100
@!@!@ENDMSG 2221 @!@!@
@!@!@STARTMSG 2221:0 @!@!@
  ||line 31, col 42 to line 31, col 56 of module Euclid: 100
@!@!@ENDMSG 2221 @!@!@
@!@!@STARTMSG 2221:0 @!@!@
  |||line 31, col 42 to line 31, col 42 of module Euclid: 100
@!@!@ENDMSG 2221 @!@!@
@!@!@STARTMSG 2221:0 @!@!@
  |||line 31, col 46 to line 31, col 56 of module Euclid: 100
@!@!@ENDMSG 2221 @!@!@
@!@!@STARTMSG 2221:0 @!@!@
  ||||line 6, col 14 to line 6, col 53 of module GCD: 100
@!@!@ENDMSG 2221 @!@!@
@!@!@STARTMSG 2221:0 @!@!@
  |||||line 5, col 14 to line 5, col 47 of module GCD: 100
@!@!@ENDMSG 2221 @!@!@
@!@!@STARTMSG 2221:0 @!@!@
  ||||||line 5, col 30 to line 5, col 47 of module GCD: 147
@!@!@ENDMSG 2221 @!@!@
@!@!@STARTMSG 2221:0 @!@!@
  |||||||line 5, col 42 to line 5, col 47 of module GCD: 254
@!@!@ENDMSG 2221 @!@!@
@!@!@STARTMSG 2221:0 @!@!@
  |||||||line 5, col 39 to line 5, col 39 of module GCD: 147
@!@!@ENDMSG 2221 @!@!@
@!@!@STARTMSG 2221:0 @!@!@
  ||||||line 5, col 27 to line 5, col 27 of module GCD: 100
@!@!@ENDMSG 2221 @!@!@
@!@!@STARTMSG 2221:0 @!@!@
  |||||line 6, col 21 to line 6, col 52 of module GCD: 100
@!@!@ENDMSG 2221 @!@!@
@!@!@STARTMSG 2221:0 @!@!@
  ||||||line 6, col 21 to line 6, col 33 of module GCD: 100
@!@!@ENDMSG 2221 @!@!@
@!@!@STARTMSG 2775:0 @!@!@
  |||||||line 4, col 18 to line 4, col 42 of module GCD: 100:548
@!@!@ENDMSG 2775 @!@!@
@!@!@STARTMSG 2221:0 @!@!@
  ||||||||line 4, col 30 to line 4, col 41 of module GCD: 100100
@!@!@ENDMSG 2221 @!@!@
@!@!@STARTMSG 2221:0 @!@!@
  |||||||||line 3, col 18 to line 3, col 40 of module GCD: 100100
@!@!@ENDMSG 2221 @!@!@
@!@!@STARTMSG 2221:0 @!@!@
  ||||||||||line 3, col 32 to line 3, col 40 of module GCD: 99930970
@!@!@ENDMSG 2221 @!@!@
@!@!@STARTMSG 2221:0 @!@!@
  ||||||||||line 3, col 27 to line 3, col 29 of module GCD: 100100
@!@!@ENDMSG 2221 @!@!@
@!@!@STARTMSG 2221:0 @!@!@
  |||||||||line 4, col 38 to line 4, col 38 of module GCD: 100100
@!@!@ENDMSG 2221 @!@!@
@!@!@STARTMSG 2221:0 @!@!@
  |||||||||line 4, col 40 to line 4, col 40 of module GCD: 100100
@!@!@ENDMSG 2221 @!@!@
@!@!@STARTMSG 2221:0 @!@!@
  ||||||||line 4, col 25 to line 4, col 27 of module GCD: 100
@!@!@ENDMSG 2221 @!@!@
@!@!@STARTMSG 2221:0 @!@!@
  |||||||line 6, col 32 to line 6, col 32 of module GCD: 100
@!@!@ENDMSG 2221 @!@!@
@!@!@STARTMSG 2221:0 @!@!@
  ||||||line 6, col 40 to line 6, col 52 of module GCD: 100
@!@!@ENDMSG 2221 @!@!@
@!@!@STARTMSG 2221:0 @!@!@
  |||||||line 4, col 18 to line 4, col 42 of module GCD: 100
@!@!@ENDMSG 2221 @!@!@
@!@!@STARTMSG 2221:0 @!@!@
  ||||||||line 4, col 30 to line 4, col 41 of module GCD: 100100
@!@!@ENDMSG 2221 @!@!@
@!@!@STARTMSG 2221:0 @!@!@
  |||||||||line 3, col 18 to line 3, col 40 of module GCD: 100100
@!@!@ENDMSG 2221 @!@!@
@!@!@STARTMSG 2221:0 @!@!@
  ||||||||||line 3, col 32 to line 3, col 40 of module GCD: 99930970
@!@!@ENDMSG 2221 @!@!@
@!@!@STARTMSG 2221:0 @!@!@
  ||||||||||line 3, col 27 to line 3, col 29 of module GCD: 100100
@!@!@ENDMSG 2221 @!@!@
@!@!@STARTMSG 2221:0 @!@!@
  |||||||||line 4, col 38 to line 4, col 38 of module GCD: 100100
@!@!@ENDMSG 2221 @!@!@
@!@!@STARTMSG 2221:0 @!@!@
  |||||||||line 4, col 40 to line 4, col 40 of module GCD: 100100
@!@!@ENDMSG 2221 @!@!@
@!@!@STARTMSG 2221:0 @!@!@
  ||||||||line 4, col 25 to line 4, col 27 of module GCD: 100
@!@!@ENDMSG 2221 @!@!@
@!@!@STARTMSG 2221:0 @!@!@
  |||||||line 6, col 51 to line 6, col 51 of module GCD: 100
@!@!@ENDMSG 2221 @!@!@
@!@!@STARTMSG 2221:0 @!@!@
  ||||line 31, col 50 to line 31, col 51 of module Euclid: 100
@!@!@ENDMSG 2221 @!@!@
@!@!@STARTMSG 2221:0 @!@!@
  ||||line 31, col 54 to line 31, col 55 of module Euclid: 100
@!@!@ENDMSG 2221 @!@!@
@!@!@STARTMSG 2221:0 @!@!@
  line 33, col 23 to line 33, col 34 of module Euclid: 100
@!@!@ENDMSG 2221 @!@!@
@!@!@STARTMSG 2221:0 @!@!@
  line 34, col 12 to line 34, col 39 of module Euclid: 462
@!@!@ENDMSG 2221 @!@!@
@!@!@STARTMSG 2772:0 @!@!@
<update line 36, col 1 to line 36, col 6 of module Euclid>: 362:364
@!@!@ENDMSG 2772 @!@!@
@!@!@STARTMSG 2221:0 @!@!@
  line 36, col 14 to line 36, col 26 of module Euclid: 1290
@!@!@ENDMSG 2221 @!@!@
@!@!@STARTMSG 2221:0 @!@!@
  |line 36, col 14 to line 36, col 15 of module Euclid: 926
@!@!@ENDMSG 2221 @!@!@
@!@!@STARTMSG 2221:0 @!@!@
  line 37, col 17 to line 37, col 21 of module Euclid: 364
@!@!@ENDMSG 2221 @!@!@
@!@!@STARTMSG 2221:0 @!@!@
  line 38, col 22 to line 39, col 30 of module Euclid: 183
@!@!@ENDMSG 2221 @!@!@
@!@!@STARTMSG 2221:0 @!@!@
  line 40, col 22 to line 41, col 30 of module Euclid: 181
@!@!@ENDMSG 2221 @!@!@
@!@!@STARTMSG 2221:0 @!@!@
  line 42, col 14 to line 42, col 25 of module Euclid: 364
@!@!@ENDMSG 2221 @!@!@
@!@!@STARTMSG 2221:0 @!@!@
  line 43, col 14 to line 43, col 35 of module Euclid: 364
@!@!@ENDMSG 2221 @!@!@
@!@!@STARTMSG 2772:0 @!@!@
<Terminating line 46, col 1 to line 46, col 11 of module Euclid>: 0:100
@!@!@ENDMSG 2772 @!@!@
@!@!@STARTMSG 2221:0 @!@!@
  line 46, col 16 to line 46, col 26 of module Euclid: 1026
@!@!@ENDMSG 2221 @!@!@
@!@!@STARTMSG 2221:0 @!@!@
  |line 46, col 16 to line 46, col 17 of module Euclid: 926
@!@!@ENDMSG 2221 @!@!@
@!@!@STARTMSG 2221:0 @!@!@
  line 46, col 31 to line 46, col 44 of module Euclid: 100
@!@!@ENDMSG 2221 @!@!@
@!@!@STARTMSG 2774:0 @!@!@
<Safety line 57, col 1 to line 57, col 6 of module Euclid>
@!@!@ENDMSG 2774 @!@!@
@!@!@STARTMSG 2221:0 @!@!@
  line 57, col 11 to line 57, col 54 of module Euclid: 924
@!@!@ENDMSG 2221 @!@!@
@!@!@STARTMSG 2221:0 @!@!@
  |line 57, col 12 to line 57, col 22 of module Euclid: 924
@!@!@ENDMSG 2221 @!@!@
@!@!@STARTMSG 2221:0 @!@!@
  |line 57, col 28 to line 57, col 54 of module Euclid: 100
@!@!@ENDMSG 2221 @!@!@
@!@!@STARTMSG 2221:0 @!@!@
  ||line 57, col 29 to line 57, col 33 of module Euclid: 100
@!@!@ENDMSG 2221 @!@!@
@!@!@STARTMSG 2221:0 @!@!@
  ||line 57, col 40 to line 57, col 53 of module Euclid: 100
@!@!@ENDMSG 2221 @!@!@
@!@!@STARTMSG 2221:0 @!@!@
  |||line 57, col 40 to line 57, col 40 of module Euclid: 100
@!@!@ENDMSG 2221 @!@!@
@!@!@STARTMSG 2221:0 @!@!@
  |||line 57, col 44 to line 57, col 53 of module Euclid: 100
@!@!@ENDMSG 2221 @!@!@
@!@!@STARTMSG 2221:0 @!@!@
  ||||line 6, col 14 to line 6, col 53 of module GCD: 100
@!@!@ENDMSG 2221 @!@!@
@!@!@STARTMSG 2221:0 @!@!@
  |||||line 5, col 14 to line 5, col 47 of module GCD: 100
@!@!@ENDMSG 2221 @!@!@
@!@!@STARTMSG 2221:0 @!@!@
  ||||||line 5, col 30 to line 5, col 47 of module GCD: 147
@!@!@ENDMSG 2221 @!@!@
@!@!@STARTMSG 2221:0 @!@!@
  |||||||line 5, col 42 to line 5, col 47 of module GCD: 254
@!@!@ENDMSG 2221 @!@!@
@!@!@STARTMSG 2221:0 @!@!@
  |||||||line 5, col 39 to line 5, col 39 of module GCD: 147
@!@!@ENDMSG 2221 @!@!@
@!@!@STARTMSG 2221:0 @!@!@
  ||||||line 5, col 27 to line 5, col 27 of module GCD: 100
@!@!@ENDMSG 2221 @!@!@
@!@!@STARTMSG 2221:0 @!@!@
  |||||line 6, col 21 to line 6, col 52 of module GCD: 100
@!@!@ENDMSG 2221 @!@!@
@!@!@STARTMSG 2221:0 @!@!@
  ||||||line 6, col 21 to line 6, col 33 of module GCD: 100
@!@!@ENDMSG 2221 @!@!@
@!@!@STARTMSG 2775:0 @!@!@
  |||||||line 4, col 18 to line 4, col 42 of module GCD: 100:548
@!@!@ENDMSG 2775 @!@!@
@!@!@STARTMSG 2221:0 @!@!@
  ||||||||line 4, col 30 to line 4, col 41 of module GCD: 100100
@!@!@ENDMSG 2221 @!@!@
@!@!@STARTMSG 2221:0 @!@!@
  |||||||||line 3, col 18 to line 3, col 40 of module GCD: 100100
@!@!@ENDMSG 2221 @!@!@
@!@!@STARTMSG 2221:0 @!@!@
  ||||||||||line 3, col 32 to line 3, col 40 of module GCD: 99930970
@!@!@ENDMSG 2221 @!@!@
@!@!@STARTMSG 2221:0 @!@!@
  ||||||||||line 3, col 27 to line 3, col 29 of module GCD: 100100
@!@!@ENDMSG 2221 @!@!@
@!@!@STARTMSG 2221:0 @!@!@
  |||||||||line 4, col 38 to line 4, col 38 of module GCD: 100100
@!@!@ENDMSG 2221 @!@!@
@!@!@STARTMSG 2221:0 @!@!@
  |||||||||line 4, col 40 to line 4, col 40 of module GCD: 100100
@!@!@ENDMSG 2221 @!@!@
@!@!@STARTMSG 2221:0 @!@!@
  ||||||||line 4, col 25 to line 4, col 27 of module GCD: 100
@!@!@ENDMSG 2221 @!@!@
@!@!@STARTMSG 2221:0 @!@!@
  |||||||line 6, col 32 to line 6, col 32 of module GCD: 100
@!@!@ENDMSG 2221 @!@!@
@!@!@STARTMSG 2221:0 @!@!@
  ||||||line 6, col 40 to line 6, col 52 of module GCD: 100
@!@!@ENDMSG 2221 @!@!@
@!@!@STARTMSG 2221:0 @!@!@
  |||||||line 4, col 18 to line 4, col 42 of module GCD: 100
@!@!@ENDMSG 2221 @!@!@
@!@!@STARTMSG 2221:0 @!@!@
  ||||||||line 4, col 30 to line 4, col 41 of module GCD: 100100
@!@!@ENDMSG 2221 @!@!@
@!@!@STARTMSG 2221:0 @!@!@
  |||||||||line 3, col 18 to line 3, col 40 of module GCD: 100100
@!@!@ENDMSG 2221 @!@!@
@!@!@STARTMSG 2221:0 @!@!@
  ||||||||||line 3, col 32 to line 3, col 40 of module GCD: 99930970
@!@!@ENDMSG 2221 @!@!@
@!@!@STARTMSG 2221:0 @!@!@
  ||||||||||line 3, col 27 to line 3, col 29 of module GCD: 100100
@!@!@ENDMSG 2221 @!@!@
@!@!@STARTMSG 2221:0 @!@!@
  |||||||||line 4, col 38 to line 4, col 38 of module GCD: 100100
@!@!@ENDMSG 2221 @!@!@
@!@!@STARTMSG 2221:0 @!@!@
  |||||||||line 4, col 40 to line 4, col 40 of module GCD: 100100
@!@!@ENDMSG 2221 @!@!@
@!@!@STARTMSG 2221:0 @!@!@
  ||||||||line 4, col 25 to line 4, col 27 of module GCD: 100
@!@!@ENDMSG 2221 @!@!@
@!@!@STARTMSG 2221:0 @!@!@
  |||||||line 6, col 51 to line 6, col 51 of module GCD: 100
@!@!@ENDMSG 2221 @!@!@
@!@!@STARTMSG 2221:0 @!@!@
  ||||line 57, col 48 to line 57, col 49 of module Euclid: 100
@!@!@ENDMSG 2221 @!@!@
@!@!@STARTMSG 2221:0 @!@!@
  ||||line 57, col 51 to line 57, col 52 of module Euclid: 100
@!@!@ENDMSG 2221 @!@!@
@!@!@STARTMSG 2202:0 @!@!@
End of statistics.
@!@!@ENDMSG 2202 @!@!@
@!@!@STARTMSG 2200:0 @!@!@
Progress(20) at 2021-09-24 20:30:18: 1,024 states generated (847 s/min), 924 distinct states found (764 ds/min), 0 states left on queue.
@!@!@ENDMSG 2200 @!@!@
@!@!@STARTMSG 2199:0 @!@!@
1024 states generated, 924 distinct states found, 0 states left on queue.
@!@!@ENDMSG 2199 @!@!@
@!@!@STARTMSG 2194:0 @!@!@
The depth of the complete state graph search is 20.
@!@!@ENDMSG 2194 @!@!@
@!@!@STARTMSG 2268:0 @!@!@
The average outdegree of the complete state graph is 1 (minimum is 0, the maximum 1 and the 95th percentile is 1).
@!@!@ENDMSG 2268 @!@!@
@!@!@STARTMSG 2186:0 @!@!@
Finished in 72536ms at (2021-09-24 20:30:18)
@!@!@ENDMSG 2186 @!@!@
