@!@!@STARTMSG 2262:0 @!@!@
TLC2 Version 2.16 of 31 December 2020 (rev: cdddf55)
@!@!@ENDMSG 2262 @!@!@
@!@!@STARTMSG 2187:0 @!@!@
Running breadth-first search Model-Checking with fp 101 and seed -2868778227850642841 with 6 workers on 12 cores with 1166MB heap and 2619MB offheap memory [pid: 18290] (Linux 5.11.0-36-generic amd64, AdoptOpenJDK 14.0.1 x86_64, OffHeapDiskFPSet, DiskStateQueue).
@!@!@ENDMSG 2187 @!@!@
@!@!@STARTMSG 2220:0 @!@!@
Starting SANY...
@!@!@ENDMSG 2220 @!@!@
Parsing file /home/wrz/tla-practice/Euclid.toolbox/EuclidModel/MC.tla
Parsing file /home/wrz/tla-practice/Euclid.toolbox/EuclidModel/Euclid.tla
Labels added.
Parsing file /home/wrz/tla-toolbox/plugins/org.lamport.tlatools_1.0.0.202012311918/tla2sany/StandardModules/TLC.tla
Parsing file /home/wrz/tla-toolbox/plugins/org.lamport.tlatools_1.0.0.202012311918/tla2sany/StandardModules/Integers.tla
Parsing file /home/wrz/tla-practice/Euclid.toolbox/EuclidModel/GCD.tla
Parsing file /home/wrz/tla-toolbox/plugins/org.lamport.tlatools_1.0.0.202012311918/tla2sany/StandardModules/Naturals.tla
Parsing file /home/wrz/tla-toolbox/plugins/org.lamport.tlatools_1.0.0.202012311918/tla2sany/StandardModules/Sequences.tla
Parsing file /home/wrz/tla-toolbox/plugins/org.lamport.tlatools_1.0.0.202012311918/tla2sany/StandardModules/FiniteSets.tla
Semantic processing of module Naturals
Semantic processing of module Integers
Semantic processing of module Sequences
Semantic processing of module FiniteSets
Semantic processing of module TLC
Semantic processing of module GCD
Semantic processing of module Euclid
Semantic processing of module MC
@!@!@STARTMSG 2219:0 @!@!@
SANY finished.
@!@!@ENDMSG 2219 @!@!@
@!@!@STARTMSG 2185:0 @!@!@
Starting... (2021-09-24 19:50:08)
@!@!@ENDMSG 2185 @!@!@
@!@!@STARTMSG 2189:0 @!@!@
Computing initial states...
@!@!@ENDMSG 2189 @!@!@
@!@!@STARTMSG 2269:0 @!@!@
Computed 2 initial states...
@!@!@ENDMSG 2269 @!@!@
@!@!@STARTMSG 2269:0 @!@!@
Computed 4 initial states...
@!@!@ENDMSG 2269 @!@!@
@!@!@STARTMSG 2269:0 @!@!@
Computed 8 initial states...
@!@!@ENDMSG 2269 @!@!@
@!@!@STARTMSG 2269:0 @!@!@
Computed 16 initial states...
@!@!@ENDMSG 2269 @!@!@
@!@!@STARTMSG 2269:0 @!@!@
Computed 32 initial states...
@!@!@ENDMSG 2269 @!@!@
@!@!@STARTMSG 2269:0 @!@!@
Computed 64 initial states...
@!@!@ENDMSG 2269 @!@!@
@!@!@STARTMSG 2269:0 @!@!@
Computed 128 initial states...
@!@!@ENDMSG 2269 @!@!@
@!@!@STARTMSG 2269:0 @!@!@
Computed 256 initial states...
@!@!@ENDMSG 2269 @!@!@
@!@!@STARTMSG 2190:0 @!@!@
Finished computing initial states: 324 distinct states generated at 2021-09-24 19:50:09.
@!@!@ENDMSG 2190 @!@!@
<<1, 1>>
<<3, 3>>
<<2, 2>>
<<4, 4>>
<<5, 5>>
<<6, 6>>
<<7, 7>>
<<8, 8>>
<<9, 9>>
<<10, 10>>
<<11, 11>>
<<12, 12>>
<<13, 13>>
<<14, 14>>
<<15, 15>>
<<16, 16>>
<<17, 17>>
<<18, 18>>
<<1, 1>>
<<1, 1>>
<<2, 2>>
<<3, 3>>
<<2, 2>>
<<4, 4>>
<<5, 5>>
<<3, 3>>
<<6, 6>>
<<7, 7>>
<<4, 4>>
<<8, 8>>
<<9, 9>>
<<5, 5>>
<<6, 6>>
<<7, 7>>
<<8, 8>>
<<9, 9>>
<<1, 1>>
<<1, 1>>
<<2, 2>>
@!@!@STARTMSG 2200:0 @!@!@
Progress(4) at 2021-09-24 19:50:12: 991 states generated (991 s/min), 975 distinct states found (975 ds/min), 302 states left on queue.
@!@!@ENDMSG 2200 @!@!@
<<1, 1>>
<<1, 1>>
<<3, 3>>
<<2, 2>>
<<4, 4>>
<<5, 5>>
<<2, 2>>
<<2, 2>>
<<3, 3>>
<<6, 6>>
<<4, 4>>
<<3, 3>>
<<3, 3>>
<<5, 5>>
<<4, 4>>
<<4, 4>>
<<6, 6>>
<<5, 5>>
<<5, 5>>
<<6, 6>>
<<6, 6>>
<<1, 1>>
<<1, 1>>
<<2, 2>>
<<1, 1>>
<<1, 1>>
<<3, 3>>
<<1, 1>>
<<1, 1>>
<<2, 2>>
<<4, 4>>
<<1, 1>>
<<1, 1>>
<<2, 2>>
<<2, 2>>
<<3, 3>>
<<2, 2>>
<<2, 2>>
<<3, 3>>
<<3, 3>>
<<2, 2>>
<<2, 2>>
<<3, 3>>
<<3, 3>>
<<4, 4>>
<<3, 3>>
<<3, 3>>
<<4, 4>>
<<4, 4>>
<<1, 1>>
<<1, 1>>
<<2, 2>>
<<1, 1>>
<<1, 1>>
<<3, 3>>
<<1, 1>>
<<1, 1>>
<<2, 2>>
<<1, 1>>
<<1, 1>>
<<1, 1>>
<<1, 1>>
<<2, 2>>
<<2, 2>>
<<1, 1>>
<<1, 1>>
<<1, 1>>
<<1, 1>>
<<1, 1>>
<<1, 1>>
<<2, 2>>
<<2, 2>>
<<2, 2>>
<<2, 2>>
<<2, 2>>
<<2, 2>>
<<3, 3>>
<<2, 2>>
<<2, 2>>
<<2, 2>>
<<2, 2>>
<<3, 3>>
<<3, 3>>
<<2, 2>>
<<2, 2>>
<<1, 1>>
<<1, 1>>
<<2, 2>>
<<1, 1>>
<<1, 1>>
<<3, 3>>
<<1, 1>>
<<1, 1>>
<<2, 2>>
<<1, 1>>
<<1, 1>>
<<1, 1>>
<<1, 1>>
<<1, 1>>
<<1, 1>>
<<1, 1>>
<<1, 1>>
<<1, 1>>
<<1, 1>>
<<1, 1>>
<<1, 1>>
<<2, 2>>
<<1, 1>>
<<1, 1>>
<<1, 1>>
<<1, 1>>
<<1, 1>>
<<1, 1>>
<<2, 2>>
<<2, 2>>
<<1, 1>>
<<1, 1>>
<<1, 1>>
<<1, 1>>
<<2, 2>>
<<1, 1>>
<<1, 1>>
<<2, 2>>
<<1, 1>>
<<1, 1>>
<<2, 2>>
<<3, 3>>
<<3, 3>>
<<2, 2>>
<<2, 2>>
<<2, 2>>
<<2, 2>>
<<3, 3>>
<<1, 1>>
<<1, 1>>
<<2, 2>>
<<1, 1>>
<<1, 1>>
<<1, 1>>
<<1, 1>>
<<1, 1>>
<<1, 1>>
<<1, 1>>
<<1, 1>>
<<1, 1>>
<<1, 1>>
<<1, 1>>
<<1, 1>>
<<1, 1>>
<<1, 1>>
<<1, 1>>
<<1, 1>>
<<1, 1>>
<<1, 1>>
<<1, 1>>
<<1, 1>>
<<1, 1>>
<<1, 1>>
<<1, 1>>
<<1, 1>>
<<1, 1>>
<<1, 1>>
<<1, 1>>
<<1, 1>>
<<2, 2>>
<<1, 1>>
<<1, 1>>
<<1, 1>>
<<1, 1>>
<<1, 1>>
<<1, 1>>
<<2, 2>>
<<1, 1>>
<<1, 1>>
<<1, 1>>
<<1, 1>>
<<2, 2>>
<<1, 1>>
<<1, 1>>
<<1, 1>>
<<1, 1>>
<<1, 1>>
<<1, 1>>
<<1, 1>>
<<1, 1>>
<<1, 1>>
<<1, 1>>
<<1, 1>>
<<1, 1>>
<<1, 1>>
<<1, 1>>
<<2, 2>>
<<1, 1>>
<<1, 1>>
<<1, 1>>
<<1, 1>>
<<1, 1>>
<<1, 1>>
<<1, 1>>
<<1, 1>>
<<1, 1>>
<<1, 1>>
<<1, 1>>
<<1, 1>>
<<1, 1>>
<<1, 1>>
<<1, 1>>
<<1, 1>>
<<1, 1>>
<<1, 1>>
<<1, 1>>
<<2, 2>>
<<1, 1>>
<<2, 2>>
<<1, 1>>
<<1, 1>>
<<1, 1>>
<<1, 1>>
<<2, 2>>
<<1, 1>>
<<1, 1>>
<<1, 1>>
<<1, 1>>
<<1, 1>>
<<1, 1>>
<<1, 1>>
<<1, 1>>
<<2, 2>>
<<1, 1>>
<<1, 1>>
